Determining if the pthread_create exist failed with the following output:
Change Dir: /home/shelly/local/CGRA350/demo/b/CMakeFiles/CMakeTmp

Run Build Command:"/usr/bin/make" "cmTC_e8cf1/fast"
/usr/bin/make -f CMakeFiles/cmTC_e8cf1.dir/build.make CMakeFiles/cmTC_e8cf1.dir/build
make[1]: Entering directory '/home/shelly/local/CGRA350/demo/b/CMakeFiles/CMakeTmp'
Building C object CMakeFiles/cmTC_e8cf1.dir/CheckSymbolExists.c.o
/usr/bin/cc   -w    -o CMakeFiles/cmTC_e8cf1.dir/CheckSymbolExists.c.o   -c /home/shelly/local/CGRA350/demo/b/CMakeFiles/CMakeTmp/CheckSymbolExists.c
Linking C executable cmTC_e8cf1
/usr/bin/cmake -E cmake_link_script CMakeFiles/cmTC_e8cf1.dir/link.txt --verbose=1
/usr/bin/cc  -w     -rdynamic CMakeFiles/cmTC_e8cf1.dir/CheckSymbolExists.c.o  -o cmTC_e8cf1 
/usr/bin/ld: CMakeFiles/cmTC_e8cf1.dir/CheckSymbolExists.c.o: in function `main':
CheckSymbolExists.c:(.text+0x1b): undefined reference to `pthread_create'
collect2: error: ld returned 1 exit status
make[1]: *** [CMakeFiles/cmTC_e8cf1.dir/build.make:87: cmTC_e8cf1] Error 1
make[1]: Leaving directory '/home/shelly/local/CGRA350/demo/b/CMakeFiles/CMakeTmp'
make: *** [Makefile:121: cmTC_e8cf1/fast] Error 2

File /home/shelly/local/CGRA350/demo/b/CMakeFiles/CMakeTmp/CheckSymbolExists.c:
/* */
#include <pthread.h>

int main(int argc, char** argv)
{
  (void)argv;
#ifndef pthread_create
  return ((int*)(&pthread_create))[argc];
#else
  (void)argc;
  return 0;
#endif
}

Determining if the function pthread_create exists in the pthreads failed with the following output:
Change Dir: /home/shelly/local/CGRA350/demo/b/CMakeFiles/CMakeTmp

Run Build Command:"/usr/bin/make" "cmTC_ccd02/fast"
/usr/bin/make -f CMakeFiles/cmTC_ccd02.dir/build.make CMakeFiles/cmTC_ccd02.dir/build
make[1]: Entering directory '/home/shelly/local/CGRA350/demo/b/CMakeFiles/CMakeTmp'
Building C object CMakeFiles/cmTC_ccd02.dir/CheckFunctionExists.c.o
/usr/bin/cc   -w -DCHECK_FUNCTION_EXISTS=pthread_create   -o CMakeFiles/cmTC_ccd02.dir/CheckFunctionExists.c.o   -c /usr/share/cmake-3.12/Modules/CheckFunctionExists.c
Linking C executable cmTC_ccd02
/usr/bin/cmake -E cmake_link_script CMakeFiles/cmTC_ccd02.dir/link.txt --verbose=1
/usr/bin/cc  -w -DCHECK_FUNCTION_EXISTS=pthread_create    -rdynamic CMakeFiles/cmTC_ccd02.dir/CheckFunctionExists.c.o  -o cmTC_ccd02 -lpthreads 
/usr/bin/ld: cannot find -lpthreads
collect2: error: ld returned 1 exit status
make[1]: *** [CMakeFiles/cmTC_ccd02.dir/build.make:87: cmTC_ccd02] Error 1
make[1]: Leaving directory '/home/shelly/local/CGRA350/demo/b/CMakeFiles/CMakeTmp'
make: *** [Makefile:121: cmTC_ccd02/fast] Error 2


Determining if the function glXGetProcAddressEXT exists failed with the following output:
Change Dir: /home/shelly/local/CGRA350/demo/b/CMakeFiles/CMakeTmp

Run Build Command:"/usr/bin/make" "cmTC_9774a/fast"
/usr/bin/make -f CMakeFiles/cmTC_9774a.dir/build.make CMakeFiles/cmTC_9774a.dir/build
make[1]: Entering directory '/home/shelly/local/CGRA350/demo/b/CMakeFiles/CMakeTmp'
Building C object CMakeFiles/cmTC_9774a.dir/CheckFunctionExists.c.o
/usr/bin/cc   -w -DCHECK_FUNCTION_EXISTS=glXGetProcAddressEXT   -o CMakeFiles/cmTC_9774a.dir/CheckFunctionExists.c.o   -c /usr/share/cmake-3.12/Modules/CheckFunctionExists.c
Linking C executable cmTC_9774a
/usr/bin/cmake -E cmake_link_script CMakeFiles/cmTC_9774a.dir/link.txt --verbose=1
/usr/bin/cc  -w -DCHECK_FUNCTION_EXISTS=glXGetProcAddressEXT    -rdynamic CMakeFiles/cmTC_9774a.dir/CheckFunctionExists.c.o  -o cmTC_9774a /usr/lib/libGL.so 
/usr/bin/ld: CMakeFiles/cmTC_9774a.dir/CheckFunctionExists.c.o: in function `main':
CheckFunctionExists.c:(.text+0x10): undefined reference to `glXGetProcAddressEXT'
collect2: error: ld returned 1 exit status
make[1]: *** [CMakeFiles/cmTC_9774a.dir/build.make:88: cmTC_9774a] Error 1
make[1]: Leaving directory '/home/shelly/local/CGRA350/demo/b/CMakeFiles/CMakeTmp'
make: *** [Makefile:121: cmTC_9774a/fast] Error 2


